# JRE version: Java(TM) SE Runtime Environment (8.0_45-b15) (build 1.8.0_45-b15)
# Java VM: Java HotSpot(TM) 64-Bit Server VM (25.45-b02 mixed mode windows-amd64 compressed oops)
Heap:
 PSYoungGen      total 56832K, used 8623K [0x0000000781300000, 0x0000000788200000, 0x00000007c0000000)
  eden space 49152K, 1% used [0x0000000781300000,0x00000007813f3d10,0x0000000784300000)
  from space 7680K, 99% used [0x0000000784300000,0x0000000784a78020,0x0000000784a80000)
  to   space 7680K, 0% used [0x0000000787a80000,0x0000000787a80000,0x0000000788200000)
 ParOldGen       total 130048K, used 7357K [0x0000000703800000, 0x000000070b700000, 0x0000000781300000)
  object space 130048K, 5% used [0x0000000703800000,0x0000000703f2f4a0,0x000000070b700000)
 Metaspace       used 15657K, capacity 15904K, committed 16128K, reserved 1062912K
  class space    used 1860K, capacity 1978K, committed 2048K, reserved 1048576K
GC Heap History (4 events):
Event: 1.222 GC heap before
{Heap before GC invocations=1 (full 0):
 PSYoungGen      total 56832K, used 49152K [0x0000000781300000, 0x0000000785200000, 0x00000007c0000000)
  eden space 49152K, 100% used [0x0000000781300000,0x0000000784300000,0x0000000784300000)
  from space 7680K, 0% used [0x0000000784a80000,0x0000000784a80000,0x0000000785200000)
  to   space 7680K, 0% used [0x0000000784300000,0x0000000784300000,0x0000000784a80000)
 ParOldGen       total 130048K, used 0K [0x0000000703800000, 0x000000070b700000, 0x0000000781300000)
  object space 130048K, 0% used [0x0000000703800000,0x0000000703800000,0x000000070b700000)
 Metaspace       used 9531K, capacity 9704K, committed 9984K, reserved 1058816K
  class space    used 1143K, capacity 1210K, committed 1280K, reserved 1048576K
Event: 1.229 GC heap after
Heap after GC invocations=1 (full 0):
 PSYoungGen      total 56832K, used 7100K [0x0000000781300000, 0x0000000785200000, 0x00000007c0000000)
  eden space 49152K, 0% used [0x0000000781300000,0x0000000781300000,0x0000000784300000)
  from space 7680K, 92% used [0x0000000784300000,0x00000007849ef1f0,0x0000000784a80000)
  to   space 7680K, 0% used [0x0000000784a80000,0x0000000784a80000,0x0000000785200000)
 ParOldGen       total 130048K, used 16K [0x0000000703800000, 0x000000070b700000, 0x0000000781300000)
  object space 130048K, 0% used [0x0000000703800000,0x0000000703804000,0x000000070b700000)
 Metaspace       used 9531K, capacity 9704K, committed 9984K, reserved 1058816K
  class space    used 1143K, capacity 1210K, committed 1280K, reserved 1048576K
}
Event: 1.937 GC heap before
{Heap before GC invocations=2 (full 0):
 PSYoungGen      total 56832K, used 56252K [0x0000000781300000, 0x0000000785200000, 0x00000007c0000000)
  eden space 49152K, 100% used [0x0000000781300000,0x0000000784300000,0x0000000784300000)
  from space 7680K, 92% used [0x0000000784300000,0x00000007849ef1f0,0x0000000784a80000)
  to   space 7680K, 0% used [0x0000000784a80000,0x0000000784a80000,0x0000000785200000)
 ParOldGen       total 130048K, used 16K [0x0000000703800000, 0x000000070b700000, 0x0000000781300000)
  object space 130048K, 0% used [0x0000000703800000,0x0000000703804000,0x000000070b700000)
 Metaspace       used 15006K, capacity 15252K, committed 15488K, reserved 1062912K
  class space    used 1819K, capacity 1912K, committed 1920K, reserved 1048576K
Event: 1.950 GC heap after
Heap after GC invocations=2 (full 0):
 PSYoungGen      total 56832K, used 7668K [0x0000000781300000, 0x0000000788200000, 0x00000007c0000000)
  eden space 49152K, 0% used [0x0000000781300000,0x0000000781300000,0x0000000784300000)
  from space 7680K, 99% used [0x0000000784a80000,0x00000007851fd050,0x0000000785200000)
  to   space 7680K, 0% used [0x0000000784300000,0x0000000784300000,0x0000000784a80000)
 ParOldGen       total 130048K, used 2451K [0x0000000703800000, 0x000000070b700000, 0x0000000781300000)
  object space 130048K, 1% used [0x0000000703800000,0x0000000703a64c50,0x000000070b700000)
 Metaspace       used 15006K, capacity 15252K, committed 15488K, reserved 1062912K
  class space    used 1819K, capacity 1912K, committed 1920K, reserved 1048576K
}

