# JRE version: Java(TM) SE Runtime Environment (8.0_45-b15) (build 1.8.0_45-b15)
# Java VM: Java HotSpot(TM) 64-Bit Server VM (25.45-b02 mixed mode windows-amd64 compressed oops)
Heap:
 PSYoungGen      total 56832K, used 10558K [0x0000000781300000, 0x0000000785200000, 0x00000007c0000000)
  eden space 49152K, 5% used [0x0000000781300000,0x00000007815d3ae8,0x0000000784300000)
  from space 7680K, 99% used [0x0000000784300000,0x0000000784a7c010,0x0000000784a80000)
  to   space 7680K, 0% used [0x0000000784a80000,0x0000000784a80000,0x0000000785200000)
 ParOldGen       total 130048K, used 7308K [0x0000000703800000, 0x000000070b700000, 0x0000000781300000)
  object space 130048K, 5% used [0x0000000703800000,0x0000000703f233f8,0x000000070b700000)
 Metaspace       used 15756K, capacity 16038K, committed 16384K, reserved 1062912K
  class space    used 1867K, capacity 1979K, committed 2048K, reserved 1048576K
GC Heap History (6 events):
Event: 2.079 GC heap before
{Heap before GC invocations=1 (full 0):
 PSYoungGen      total 56832K, used 49152K [0x0000000781300000, 0x0000000785200000, 0x00000007c0000000)
  eden space 49152K, 100% used [0x0000000781300000,0x0000000784300000,0x0000000784300000)
  from space 7680K, 0% used [0x0000000784a80000,0x0000000784a80000,0x0000000785200000)
  to   space 7680K, 0% used [0x0000000784300000,0x0000000784300000,0x0000000784a80000)
 ParOldGen       total 130048K, used 0K [0x0000000703800000, 0x000000070b700000, 0x0000000781300000)
  object space 130048K, 0% used [0x0000000703800000,0x0000000703800000,0x000000070b700000)
 Metaspace       used 9584K, capacity 9768K, committed 9984K, reserved 1058816K
  class space    used 1146K, capacity 1210K, committed 1280K, reserved 1048576K
Event: 2.085 GC heap after
Heap after GC invocations=1 (full 0):
 PSYoungGen      total 56832K, used 7051K [0x0000000781300000, 0x0000000785200000, 0x00000007c0000000)
  eden space 49152K, 0% used [0x0000000781300000,0x0000000781300000,0x0000000784300000)
  from space 7680K, 91% used [0x0000000784300000,0x00000007849e2d30,0x0000000784a80000)
  to   space 7680K, 0% used [0x0000000784a80000,0x0000000784a80000,0x0000000785200000)
 ParOldGen       total 130048K, used 16K [0x0000000703800000, 0x000000070b700000, 0x0000000781300000)
  object space 130048K, 0% used [0x0000000703800000,0x0000000703804000,0x000000070b700000)
 Metaspace       used 9584K, capacity 9768K, committed 9984K, reserved 1058816K
  class space    used 1146K, capacity 1210K, committed 1280K, reserved 1048576K
}
Event: 3.350 GC heap before
{Heap before GC invocations=2 (full 0):
 PSYoungGen      total 56832K, used 56203K [0x0000000781300000, 0x0000000785200000, 0x00000007c0000000)
  eden space 49152K, 100% used [0x0000000781300000,0x0000000784300000,0x0000000784300000)
  from space 7680K, 91% used [0x0000000784300000,0x00000007849e2d30,0x0000000784a80000)
  to   space 7680K, 0% used [0x0000000784a80000,0x0000000784a80000,0x0000000785200000)
 ParOldGen       total 130048K, used 16K [0x0000000703800000, 0x000000070b700000, 0x0000000781300000)
  object space 130048K, 0% used [0x0000000703800000,0x0000000703804000,0x000000070b700000)
 Metaspace       used 15095K, capacity 15316K, committed 15488K, reserved 1062912K
  class space    used 1825K, capacity 1912K, committed 1920K, reserved 1048576K
Event: 3.361 GC heap after
Heap after GC invocations=2 (full 0):
 PSYoungGen      total 56832K, used 7663K [0x0000000781300000, 0x0000000785200000, 0x00000007c0000000)
  eden space 49152K, 0% used [0x0000000781300000,0x0000000781300000,0x0000000784300000)
  from space 7680K, 99% used [0x0000000784a80000,0x00000007851fbdc8,0x0000000785200000)
  to   space 7680K, 0% used [0x0000000784300000,0x0000000784300000,0x0000000784a80000)
 ParOldGen       total 130048K, used 2428K [0x0000000703800000, 0x000000070b700000, 0x0000000781300000)
  object space 130048K, 1% used [0x0000000703800000,0x0000000703a5f0e0,0x000000070b700000)
 Metaspace       used 15095K, capacity 15316K, committed 15488K, reserved 1062912K
  class space    used 1825K, capacity 1912K, committed 1920K, reserved 1048576K
}
Event: 3.817 GC heap before
{Heap before GC invocations=3 (full 0):
 PSYoungGen      total 56832K, used 56815K [0x0000000781300000, 0x0000000785200000, 0x00000007c0000000)
  eden space 49152K, 100% used [0x0000000781300000,0x0000000784300000,0x0000000784300000)
  from space 7680K, 99% used [0x0000000784a80000,0x00000007851fbdc8,0x0000000785200000)
  to   space 7680K, 0% used [0x0000000784300000,0x0000000784300000,0x0000000784a80000)
 ParOldGen       total 130048K, used 2428K [0x0000000703800000, 0x000000070b700000, 0x0000000781300000)
  object space 130048K, 1% used [0x0000000703800000,0x0000000703a5f0e0,0x000000070b700000)
 Metaspace       used 15749K, capacity 16032K, committed 16384K, reserved 1062912K
  class space    used 1867K, capacity 1978K, committed 2048K, reserved 1048576K
Event: 3.830 GC heap after
Heap after GC invocations=3 (full 0):
 PSYoungGen      total 56832K, used 7664K [0x0000000781300000, 0x0000000785200000, 0x00000007c0000000)
  eden space 49152K, 0% used [0x0000000781300000,0x0000000781300000,0x0000000784300000)
  from space 7680K, 99% used [0x0000000784300000,0x0000000784a7c010,0x0000000784a80000)
  to   space 7680K, 0% used [0x0000000784a80000,0x0000000784a80000,0x0000000785200000)
 ParOldGen       total 130048K, used 7308K [0x0000000703800000, 0x000000070b700000, 0x0000000781300000)
  object space 130048K, 5% used [0x0000000703800000,0x0000000703f233f8,0x000000070b700000)
 Metaspace       used 15749K, capacity 16032K, committed 16384K, reserved 1062912K
  class space    used 1867K, capacity 1978K, committed 2048K, reserved 1048576K
}

