# JRE version: Java(TM) SE Runtime Environment (8.0_45-b15) (build 1.8.0_45-b15)
# Java VM: Java HotSpot(TM) 64-Bit Server VM (25.45-b02 mixed mode windows-amd64 compressed oops)
Heap:
 PSYoungGen      total 82432K, used 47507K [0x0000000781300000, 0x0000000786f00000, 0x00000007c0000000)
  eden space 72192K, 54% used [0x0000000781300000,0x0000000783982eb0,0x0000000785980000)
  from space 10240K, 78% used [0x0000000786400000,0x0000000786be1e60,0x0000000786e00000)
  to   space 10752K, 0% used [0x0000000785980000,0x0000000785980000,0x0000000786400000)
 ParOldGen       total 81920K, used 8835K [0x0000000703800000, 0x0000000708800000, 0x0000000781300000)
  object space 81920K, 10% used [0x0000000703800000,0x00000007040a0f38,0x0000000708800000)
 Metaspace       used 31211K, capacity 32516K, committed 32768K, reserved 1077248K
  class space    used 4067K, capacity 4342K, committed 4352K, reserved 1048576K
GC Heap History (10 events):
Event: 1.078 GC heap before
{Heap before GC invocations=1 (full 0):
 PSYoungGen      total 56832K, used 49152K [0x0000000781300000, 0x0000000785200000, 0x00000007c0000000)
  eden space 49152K, 100% used [0x0000000781300000,0x0000000784300000,0x0000000784300000)
  from space 7680K, 0% used [0x0000000784a80000,0x0000000784a80000,0x0000000785200000)
  to   space 7680K, 0% used [0x0000000784300000,0x0000000784300000,0x0000000784a80000)
 ParOldGen       total 130048K, used 0K [0x0000000703800000, 0x000000070b700000, 0x0000000781300000)
  object space 130048K, 0% used [0x0000000703800000,0x0000000703800000,0x000000070b700000)
 Metaspace       used 10768K, capacity 11076K, committed 11392K, reserved 1058816K
  class space    used 1266K, capacity 1346K, committed 1408K, reserved 1048576K
Event: 1.084 GC heap after
Heap after GC invocations=1 (full 0):
 PSYoungGen      total 56832K, used 6072K [0x0000000781300000, 0x0000000785200000, 0x00000007c0000000)
  eden space 49152K, 0% used [0x0000000781300000,0x0000000781300000,0x0000000784300000)
  from space 7680K, 79% used [0x0000000784300000,0x00000007848ee3f0,0x0000000784a80000)
  to   space 7680K, 0% used [0x0000000784a80000,0x0000000784a80000,0x0000000785200000)
 ParOldGen       total 130048K, used 16K [0x0000000703800000, 0x000000070b700000, 0x0000000781300000)
  object space 130048K, 0% used [0x0000000703800000,0x0000000703804000,0x000000070b700000)
 Metaspace       used 10768K, capacity 11076K, committed 11392K, reserved 1058816K
  class space    used 1266K, capacity 1346K, committed 1408K, reserved 1048576K
}
Event: 1.628 GC heap before
{Heap before GC invocations=2 (full 0):
 PSYoungGen      total 56832K, used 55224K [0x0000000781300000, 0x0000000785200000, 0x00000007c0000000)
  eden space 49152K, 100% used [0x0000000781300000,0x0000000784300000,0x0000000784300000)
  from space 7680K, 79% used [0x0000000784300000,0x00000007848ee3f0,0x0000000784a80000)
  to   space 7680K, 0% used [0x0000000784a80000,0x0000000784a80000,0x0000000785200000)
 ParOldGen       total 130048K, used 16K [0x0000000703800000, 0x000000070b700000, 0x0000000781300000)
  object space 130048K, 0% used [0x0000000703800000,0x0000000703804000,0x000000070b700000)
 Metaspace       used 16019K, capacity 16576K, committed 16896K, reserved 1064960K
  class space    used 2077K, capacity 2216K, committed 2304K, reserved 1048576K
Event: 1.642 GC heap after
Heap after GC invocations=2 (full 0):
 PSYoungGen      total 56832K, used 7046K [0x0000000781300000, 0x0000000785200000, 0x00000007c0000000)
  eden space 49152K, 0% used [0x0000000781300000,0x0000000781300000,0x0000000784300000)
  from space 7680K, 91% used [0x0000000784a80000,0x0000000785161b88,0x0000000785200000)
  to   space 7680K, 0% used [0x0000000784300000,0x0000000784300000,0x0000000784a80000)
 ParOldGen       total 130048K, used 24K [0x0000000703800000, 0x000000070b700000, 0x0000000781300000)
  object space 130048K, 0% used [0x0000000703800000,0x0000000703806000,0x000000070b700000)
 Metaspace       used 16019K, capacity 16576K, committed 16896K, reserved 1064960K
  class space    used 2077K, capacity 2216K, committed 2304K, reserved 1048576K
}
Event: 1.961 GC heap before
{Heap before GC invocations=3 (full 0):
 PSYoungGen      total 56832K, used 51963K [0x0000000781300000, 0x0000000785200000, 0x00000007c0000000)
  eden space 49152K, 91% used [0x0000000781300000,0x0000000783edd218,0x0000000784300000)
  from space 7680K, 91% used [0x0000000784a80000,0x0000000785161b88,0x0000000785200000)
  to   space 7680K, 0% used [0x0000000784300000,0x0000000784300000,0x0000000784a80000)
 ParOldGen       total 130048K, used 24K [0x0000000703800000, 0x000000070b700000, 0x0000000781300000)
  object space 130048K, 0% used [0x0000000703800000,0x0000000703806000,0x000000070b700000)
 Metaspace       used 20632K, capacity 21180K, committed 21248K, reserved 1067008K
  class space    used 2654K, capacity 2804K, committed 2816K, reserved 1048576K
Event: 1.971 GC heap after
Heap after GC invocations=3 (full 0):
 PSYoungGen      total 56832K, used 7667K [0x0000000781300000, 0x0000000785200000, 0x00000007c0000000)
  eden space 49152K, 0% used [0x0000000781300000,0x0000000781300000,0x0000000784300000)
  from space 7680K, 99% used [0x0000000784300000,0x0000000784a7cd20,0x0000000784a80000)
  to   space 7680K, 0% used [0x0000000784a80000,0x0000000784a80000,0x0000000785200000)
 ParOldGen       total 130048K, used 1456K [0x0000000703800000, 0x000000070b700000, 0x0000000781300000)
  object space 130048K, 1% used [0x0000000703800000,0x000000070396c220,0x000000070b700000)
 Metaspace       used 20632K, capacity 21180K, committed 21248K, reserved 1067008K
  class space    used 2654K, capacity 2804K, committed 2816K, reserved 1048576K
}
Event: 1.971 GC heap before
{Heap before GC invocations=4 (full 1):
 PSYoungGen      total 56832K, used 7667K [0x0000000781300000, 0x0000000785200000, 0x00000007c0000000)
  eden space 49152K, 0% used [0x0000000781300000,0x0000000781300000,0x0000000784300000)
  from space 7680K, 99% used [0x0000000784300000,0x0000000784a7cd20,0x0000000784a80000)
  to   space 7680K, 0% used [0x0000000784a80000,0x0000000784a80000,0x0000000785200000)
 ParOldGen       total 130048K, used 1456K [0x0000000703800000, 0x000000070b700000, 0x0000000781300000)
  object space 130048K, 1% used [0x0000000703800000,0x000000070396c220,0x000000070b700000)
 Metaspace       used 20632K, capacity 21180K, committed 21248K, reserved 1067008K
  class space    used 2654K, capacity 2804K, committed 2816K, reserved 1048576K
Event: 2.001 GC heap after
Heap after GC invocations=4 (full 1):
 PSYoungGen      total 56832K, used 0K [0x0000000781300000, 0x0000000785200000, 0x00000007c0000000)
  eden space 49152K, 0% used [0x0000000781300000,0x0000000781300000,0x0000000784300000)
  from space 7680K, 0% used [0x0000000784300000,0x0000000784300000,0x0000000784a80000)
  to   space 7680K, 0% used [0x0000000784a80000,0x0000000784a80000,0x0000000785200000)
 ParOldGen       total 81920K, used 8747K [0x0000000703800000, 0x0000000708800000, 0x0000000781300000)
  object space 81920K, 10% used [0x0000000703800000,0x000000070408af28,0x0000000708800000)
 Metaspace       used 20632K, capacity 21180K, committed 21248K, reserved 1067008K
  class space    used 2654K, capacity 2804K, committed 2816K, reserved 1048576K
}
Event: 2.451 GC heap before
{Heap before GC invocations=5 (full 1):
 PSYoungGen      total 56832K, used 49152K [0x0000000781300000, 0x0000000785200000, 0x00000007c0000000)
  eden space 49152K, 100% used [0x0000000781300000,0x0000000784300000,0x0000000784300000)
  from space 7680K, 0% used [0x0000000784300000,0x0000000784300000,0x0000000784a80000)
  to   space 7680K, 0% used [0x0000000784a80000,0x0000000784a80000,0x0000000785200000)
 ParOldGen       total 81920K, used 8747K [0x0000000703800000, 0x0000000708800000, 0x0000000781300000)
  object space 81920K, 10% used [0x0000000703800000,0x000000070408af28,0x0000000708800000)
 Metaspace       used 24808K, capacity 25556K, committed 25728K, reserved 1071104K
  class space    used 3199K, capacity 3384K, committed 3456K, reserved 1048576K
Event: 2.456 GC heap after
Heap after GC invocations=5 (full 1):
 PSYoungGen      total 56832K, used 5895K [0x0000000781300000, 0x0000000786b00000, 0x00000007c0000000)
  eden space 49152K, 0% used [0x0000000781300000,0x0000000781300000,0x0000000784300000)
  from space 7680K, 76% used [0x0000000784a80000,0x0000000785041ff0,0x0000000785200000)
  to   space 7680K, 0% used [0x0000000784300000,0x0000000784300000,0x0000000784a80000)
 ParOldGen       total 81920K, used 8819K [0x0000000703800000, 0x0000000708800000, 0x0000000781300000)
  object space 81920K, 10% used [0x0000000703800000,0x000000070409cf38,0x0000000708800000)
 Metaspace       used 24808K, capacity 25556K, committed 25728K, reserved 1071104K
  class space    used 3199K, capacity 3384K, committed 3456K, reserved 1048576K
}

