<?xml version="1.0" encoding="UTF-8"?>
<testsuite xmlns:xsi="http://www.w3.org/2001/XMLSchema-instance" xsi:schemaLocation="https://maven.apache.org/surefire/maven-surefire-plugin/xsd/surefire-test-report.xsd" name="tn.esprit.spring.test.EmployeTest" time="9.829" tests="7" errors="0" skipped="0" failures="0">
  <properties>
[...]
</properties>
  <testcase name="testAffecterContratAEmploye" classname="tn.esprit.spring.test.EmployeTest" time="0.395"/>
  <testcase name="testDesaffecterEmployeDuDepartement" classname="tn.esprit.spring.test.EmployeTest" time="0.026"/>
  <testcase name="testAjouterEmploye" classname="tn.esprit.spring.test.EmployeTest" time="0.026"/>
  <testcase name="testGetEmployePrenomById" classname="tn.esprit.spring.test.EmployeTest" time="0.024"/>
  <testcase name="testMettreAjourEmailByEmployeId" classname="tn.esprit.spring.test.EmployeTest" time="0.023"/>
  <testcase name="testAffecterEmployeADepartement" classname="tn.esprit.spring.test.EmployeTest" time="0.027"/>
  <testcase name="testAjouterContrat" classname="tn.esprit.spring.test.EmployeTest" time="0.024"/>
</testsuite>