<?xml version="1.0" encoding="UTF-8"?>
<testsuite xmlns:xsi="http://www.w3.org/2001/XMLSchema-instance" xsi:schemaLocation="https://maven.apache.org/surefire/maven-surefire-plugin/xsd/surefire-test-report.xsd" name="tn.esprit.spring.test.EmployeTest" time="0.399" tests="5" errors="0" skipped="0" failures="0">
  <properties>
[...]
</properties>
  <testcase name="testDesaffecterEmployeDuDepartement" classname="tn.esprit.spring.test.EmployeTest" time="0.115"/>
  <testcase name="testAjouterEmploye" classname="tn.esprit.spring.test.EmployeTest" time="0.039"/>
  <testcase name="testGetEmployePrenomById" classname="tn.esprit.spring.test.EmployeTest" time="0.061"/>
  <testcase name="testMettreAjourEmailByEmployeId" classname="tn.esprit.spring.test.EmployeTest" time="0.098"/>
  <testcase name="testAffecterEmployeADepartement" classname="tn.esprit.spring.test.EmployeTest" time="0.082"/>
</testsuite>